<?xml version="1.0" encoding="UTF-8"?>
<testsuite xmlns:xsi="http://www.w3.org/2001/XMLSchema-instance" xsi:noNamespaceSchemaLocation="https://maven.apache.org/surefire/maven-surefire-plugin/xsd/surefire-test-report-3.0.xsd" version="3.0" name="runner.TestRunner" time="8.226" tests="4" errors="0" skipped="0" failures="0">
  <properties>
[...]
</properties>
  <testcase name="runScenario[&quot;Create booking&quot;, &quot;Optional[Create, update, get and delete a booking.]&quot;](1)" classname="runner.TestRunner" time="2.467">
    <system-out><![CDATA[
Scenario: Create booking                                                 &amp#27;[90m# src/test/resources/features/makeBooking.feature:5&amp#27;[0m
  &amp#27;[32mGiven &amp#27;[0m&amp#27;[32mI set create booking request body json&amp#27;[0m                           &amp#27;[90m# stepdefinitions.StepDefinitions.prepareCreateBookingObject()&amp#27;[0m
  &amp#27;[32mWhen &amp#27;[0m&amp#27;[32mI send create booking http request&amp#27;[0m                                &amp#27;[90m# stepdefinitions.StepDefinitions.sendCreateBookingRequest()&amp#27;[0m
  &amp#27;[32mThen &amp#27;[0m&amp#27;[32mResponse status should be &amp#27;[0m&amp#27;[32m&amp#27;[1m200&amp#27;[0m                                     &amp#27;[90m# stepdefinitions.StepDefinitions.checkResponseStatus(int)&amp#27;[0m
  &amp#27;[32mAnd &amp#27;[0m&amp#27;[32mResponse body object booking matches create booking request object&amp#27;[0m &amp#27;[90m# stepdefinitions.StepDefinitions.checkCreateBookingResponseBookingObject()&amp#27;[0m
  &amp#27;[32mAnd &amp#27;[0m&amp#27;[32mResponse body object has non-null id value&amp#27;[0m                         &amp#27;[90m# stepdefinitions.StepDefinitions.checkCreateBookingResponseId()&amp#27;[0m
]]></system-out>
  </testcase>
  <testcase name="runScenario[&quot;Update booking&quot;, &quot;Optional[Create, update, get and delete a booking.]&quot;](2)" classname="runner.TestRunner" time="0.762">
    <system-out><![CDATA[
Scenario: Update booking                                                 &amp#27;[90m# src/test/resources/features/makeBooking.feature:12&amp#27;[0m
  &amp#27;[32mGiven &amp#27;[0m&amp#27;[32mI have previously created booking&amp#27;[0m                                &amp#27;[90m# stepdefinitions.StepDefinitions.prepareUpdateBookingObject()&amp#27;[0m
  &amp#27;[32mAnd &amp#27;[0m&amp#27;[32mI have authorisation data&amp#27;[0m                                          &amp#27;[90m# stepdefinitions.StepDefinitions.prepareAuthorisationData()&amp#27;[0m
  &amp#27;[32mWhen &amp#27;[0m&amp#27;[32mI send update booking http request&amp#27;[0m                                &amp#27;[90m# stepdefinitions.StepDefinitions.sendUpdateBookingRequest()&amp#27;[0m
  &amp#27;[32mThen &amp#27;[0m&amp#27;[32mResponse status should be &amp#27;[0m&amp#27;[32m&amp#27;[1m200&amp#27;[0m                                     &amp#27;[90m# stepdefinitions.StepDefinitions.checkResponseStatus(int)&amp#27;[0m
  &amp#27;[32mAnd &amp#27;[0m&amp#27;[32mResponse body object booking matches update booking request object&amp#27;[0m &amp#27;[90m# stepdefinitions.StepDefinitions.checkBookingResponseBookingObject()&amp#27;[0m
]]></system-out>
  </testcase>
  <testcase name="runScenario[&quot;Get booking by id&quot;, &quot;Optional[Create, update, get and delete a booking.]&quot;](3)" classname="runner.TestRunner" time="0.759">
    <system-out><![CDATA[
Scenario: Get booking by id                                              &amp#27;[90m# src/test/resources/features/makeBooking.feature:19&amp#27;[0m
  &amp#27;[32mWhen &amp#27;[0m&amp#27;[32mI send get booking http request&amp#27;[0m                                   &amp#27;[90m# stepdefinitions.StepDefinitions.sendGetBookingRequest()&amp#27;[0m
  &amp#27;[32mThen &amp#27;[0m&amp#27;[32mResponse status should be &amp#27;[0m&amp#27;[32m&amp#27;[1m200&amp#27;[0m                                     &amp#27;[90m# stepdefinitions.StepDefinitions.checkResponseStatus(int)&amp#27;[0m
  &amp#27;[32mAnd &amp#27;[0m&amp#27;[32mResponse body object booking matches update booking request object&amp#27;[0m &amp#27;[90m# stepdefinitions.StepDefinitions.checkBookingResponseBookingObject()&amp#27;[0m
]]></system-out>
  </testcase>
  <testcase name="runScenario[&quot;Delete booking by id&quot;, &quot;Optional[Create, update, get and delete a booking.]&quot;](4)" classname="runner.TestRunner" time="1.563">
    <system-out><![CDATA[
Scenario: Delete booking by id            &amp#27;[90m# src/test/resources/features/makeBooking.feature:24&amp#27;[0m
  &amp#27;[32mGiven &amp#27;[0m&amp#27;[32mI have authorisation data&amp#27;[0m         &amp#27;[90m# stepdefinitions.StepDefinitions.prepareAuthorisationData()&amp#27;[0m
  &amp#27;[32mWhen &amp#27;[0m&amp#27;[32mI send delete booking http request&amp#27;[0m &amp#27;[90m# stepdefinitions.StepDefinitions.sendDeleteBookingRequest()&amp#27;[0m
  &amp#27;[32mThen &amp#27;[0m&amp#27;[32mResponse status should be &amp#27;[0m&amp#27;[32m&amp#27;[1m201&amp#27;[0m      &amp#27;[90m# stepdefinitions.StepDefinitions.checkResponseStatus(int)&amp#27;[0m
  &amp#27;[32mWhen &amp#27;[0m&amp#27;[32mI send get booking http request&amp#27;[0m    &amp#27;[90m# stepdefinitions.StepDefinitions.sendGetBookingRequest()&amp#27;[0m
  &amp#27;[32mThen &amp#27;[0m&amp#27;[32mResponse status should be &amp#27;[0m&amp#27;[32m&amp#27;[1m404&amp#27;[0m      &amp#27;[90m# stepdefinitions.StepDefinitions.checkResponseStatus(int)&amp#27;[0m
]]></system-out>
  </testcase>
</testsuite>