<?xml version="1.0" encoding="UTF-8"?>
<testng-results ignored="0" total="4" passed="4" failed="0" skipped="0">
  <reporter-output>
  </reporter-output>
  <suite started-at="2021-02-02T00:17:21 TRT" name="Surefire suite" finished-at="2021-02-02T00:17:28 TRT" duration-ms="7089">
    <groups>
      <group name="cucumber">
        <method signature="AbstractTestNGCucumberTests.runScenario(io.cucumber.testng.PickleWrapper, io.cucumber.testng.FeatureWrapper)[pri:0, instance:runner.TestRunner@4de5031f]" name="runScenario" class="io.cucumber.testng.AbstractTestNGCucumberTests"/>
      </group> <!-- cucumber -->
    </groups>
    <test started-at="2021-02-02T00:17:21 TRT" name="Surefire test" finished-at="2021-02-02T00:17:28 TRT" duration-ms="7089">
      <class name="runner.TestRunner">
        <test-method is-config="true" signature="setUpClass()[pri:0, instance:runner.TestRunner@4de5031f]" started-at="2021-02-02T00:17:21 TRT" name="setUpClass" finished-at="2021-02-02T00:17:22 TRT" duration-ms="1245" status="PASS">
          <reporter-output>
          </reporter-output>
        </test-method> <!-- setUpClass -->
        <test-method signature="runScenario(io.cucumber.testng.PickleWrapper, io.cucumber.testng.FeatureWrapper)[pri:0, instance:runner.TestRunner@4de5031f]" started-at="2021-02-02T00:17:22 TRT" name="runScenario" description="Runs Cucumber Scenarios" data-provider="scenarios" finished-at="2021-02-02T00:17:25 TRT" duration-ms="2449" status="PASS">
          <params>
            <param index="0">
              <value>
                <![CDATA["Create booking"]]>
              </value>
            </param>
            <param index="1">
              <value>
                <![CDATA["Optional[Create, update, get and delete a booking.]"]]>
              </value>
            </param>
          </params>
          <reporter-output>
          </reporter-output>
        </test-method> <!-- runScenario -->
        <test-method signature="runScenario(io.cucumber.testng.PickleWrapper, io.cucumber.testng.FeatureWrapper)[pri:0, instance:runner.TestRunner@4de5031f]" started-at="2021-02-02T00:17:25 TRT" name="runScenario" description="Runs Cucumber Scenarios" data-provider="scenarios" finished-at="2021-02-02T00:17:26 TRT" duration-ms="761" status="PASS">
          <params>
            <param index="0">
              <value>
                <![CDATA["Update booking"]]>
              </value>
            </param>
            <param index="1">
              <value>
                <![CDATA["Optional[Create, update, get and delete a booking.]"]]>
              </value>
            </param>
          </params>
          <reporter-output>
          </reporter-output>
        </test-method> <!-- runScenario -->
        <test-method signature="runScenario(io.cucumber.testng.PickleWrapper, io.cucumber.testng.FeatureWrapper)[pri:0, instance:runner.TestRunner@4de5031f]" started-at="2021-02-02T00:17:26 TRT" name="runScenario" description="Runs Cucumber Scenarios" data-provider="scenarios" finished-at="2021-02-02T00:17:26 TRT" duration-ms="724" status="PASS">
          <params>
            <param index="0">
              <value>
                <![CDATA["Get booking by id"]]>
              </value>
            </param>
            <param index="1">
              <value>
                <![CDATA["Optional[Create, update, get and delete a booking.]"]]>
              </value>
            </param>
          </params>
          <reporter-output>
          </reporter-output>
        </test-method> <!-- runScenario -->
        <test-method signature="runScenario(io.cucumber.testng.PickleWrapper, io.cucumber.testng.FeatureWrapper)[pri:0, instance:runner.TestRunner@4de5031f]" started-at="2021-02-02T00:17:26 TRT" name="runScenario" description="Runs Cucumber Scenarios" data-provider="scenarios" finished-at="2021-02-02T00:17:28 TRT" duration-ms="1592" status="PASS">
          <params>
            <param index="0">
              <value>
                <![CDATA["Delete booking by id"]]>
              </value>
            </param>
            <param index="1">
              <value>
                <![CDATA["Optional[Create, update, get and delete a booking.]"]]>
              </value>
            </param>
          </params>
          <reporter-output>
          </reporter-output>
        </test-method> <!-- runScenario -->
        <test-method is-config="true" signature="tearDownClass()[pri:0, instance:runner.TestRunner@4de5031f]" started-at="2021-02-02T00:17:28 TRT" name="tearDownClass" finished-at="2021-02-02T00:17:28 TRT" duration-ms="269" status="PASS">
          <reporter-output>
          </reporter-output>
        </test-method> <!-- tearDownClass -->
      </class> <!-- runner.TestRunner -->
    </test> <!-- Surefire test -->
  </suite> <!-- Surefire suite -->
</testng-results>
