<?xml version="1.0" encoding="UTF-8"?>
<testsuite xmlns:xsi="http://www.w3.org/2001/XMLSchema-instance" xsi:noNamespaceSchemaLocation="https://maven.apache.org/surefire/maven-surefire-plugin/xsd/surefire-test-report-3.0.xsd" version="3.0" name="runner.TestRunner" time="12.839" tests="10" errors="0" skipped="0" failures="4">
  <properties>
[...]
</properties>
  <testcase name="runScenario[&quot;Create booking&quot;, &quot;Optional[Create booking]&quot;](1)" classname="runner.TestRunner" time="2.572">
    <system-out><![CDATA[
Scenario: Create booking                            &amp#27;[90m# src/test/resources/features/createBooking.feature:3&amp#27;[0m
  &amp#27;[32mGiven &amp#27;[0m&amp#27;[32mI set create booking request object &amp#27;[0m&amp#27;[32m&amp#27;[1mcorrect&amp#27;[0m &amp#27;[90m# stepdefinitions.StepDefinitions.prepareCreateBookingObject(java.lang.String)&amp#27;[0m
  &amp#27;[32mWhen &amp#27;[0m&amp#27;[32mI send create booking http request&amp#27;[0m           &amp#27;[90m# stepdefinitions.StepDefinitions.sendCreateBookingRequest()&amp#27;[0m
  &amp#27;[32mThen &amp#27;[0m&amp#27;[32mResponse status should be &amp#27;[0m&amp#27;[32m&amp#27;[1m200&amp#27;[0m                &amp#27;[90m# stepdefinitions.StepDefinitions.checkResponseStatus(int)&amp#27;[0m
  &amp#27;[32mAnd &amp#27;[0m&amp#27;[32mResponse contains correct booking information&amp#27;[0m &amp#27;[90m# stepdefinitions.StepDefinitions.checkCreateBookingResponseBookingObject()&amp#27;[0m
  &amp#27;[32mAnd &amp#27;[0m&amp#27;[32mResponse has non-null id value&amp#27;[0m                &amp#27;[90m# stepdefinitions.StepDefinitions.checkCreateBookingResponseId()&amp#27;[0m
]]></system-out>
  </testcase>
  <testcase name="runScenario[&quot;Create booking fails due to malformed total price&quot;, &quot;Optional[Create booking]&quot;](2)" classname="runner.TestRunner" time="0.884">
    <failure message="expected:&lt;[4]00&gt; but was:&lt;[2]00&gt;" type="org.junit.ComparisonFailure"><![CDATA[org.junit.ComparisonFailure: expected:<[4]00> but was:<[2]00>
]]></failure>
    <system-out><![CDATA[
Scenario Outline: Create booking fails due to malformed total price &amp#27;[90m# src/test/resources/features/createBooking.feature:17&amp#27;[0m
  &amp#27;[32mGiven &amp#27;[0m&amp#27;[32mI set create booking request object &amp#27;[0m&amp#27;[32m&amp#27;[1mnegative&amp#27;[0m                &amp#27;[90m# stepdefinitions.StepDefinitions.prepareCreateBookingObject(java.lang.String)&amp#27;[0m
  &amp#27;[32mAnd &amp#27;[0m&amp#27;[32mSet total price to &amp#27;[0m&amp#27;[32m&amp#27;[1m-50&amp#27;[0m                                        &amp#27;[90m# stepdefinitions.StepDefinitions.setPrice(java.lang.String)&amp#27;[0m
  &amp#27;[32mWhen &amp#27;[0m&amp#27;[32mI send create booking http request&amp#27;[0m                           &amp#27;[90m# stepdefinitions.StepDefinitions.sendCreateBookingRequest()&amp#27;[0m
  &amp#27;[31mThen &amp#27;[0m&amp#27;[31mResponse status should be &amp#27;[0m&amp#27;[31m&amp#27;[1m400&amp#27;[0m                                &amp#27;[90m# stepdefinitions.StepDefinitions.checkResponseStatus(int)&amp#27;[0m
      &amp#27;[31morg.junit.ComparisonFailure: expected:<[4]00> but was:<[2]00>
	at java.base/jdk.internal.reflect.NativeConstructorAccessorImpl.newInstance0(Native Method)
	at java.base/jdk.internal.reflect.NativeConstructorAccessorImpl.newInstance(NativeConstructorAccessorImpl.java:64)
	at java.base/jdk.internal.reflect.DelegatingConstructorAccessorImpl.newInstance(DelegatingConstructorAccessorImpl.java:45)
	at java.base/java.lang.reflect.Constructor.newInstanceWithCaller(Constructor.java:500)
	at stepdefinitions.StepDefinitions.checkResponseStatus(StepDefinitions.java:52)
	at âœ½.Response status should be 400(file:///D:/Projects/billiemission2120/BillieMission2120TestFramework/src/test/resources/features/createBooking.feature:14)
&amp#27;[0m
]]></system-out>
  </testcase>
  <testcase name="runScenario[&quot;Create booking fails due to malformed total price&quot;, &quot;Optional[Create booking]&quot;](3)" classname="runner.TestRunner" time="0.738">
    <failure message="expected:&lt;[4]00&gt; but was:&lt;[2]00&gt;" type="org.junit.ComparisonFailure"><![CDATA[org.junit.ComparisonFailure: expected:<[4]00> but was:<[2]00>
]]></failure>
    <system-out><![CDATA[
Scenario Outline: Create booking fails due to malformed total price &amp#27;[90m# src/test/resources/features/createBooking.feature:18&amp#27;[0m
  &amp#27;[32mGiven &amp#27;[0m&amp#27;[32mI set create booking request object &amp#27;[0m&amp#27;[32m&amp#27;[1mtext&amp#27;[0m                    &amp#27;[90m# stepdefinitions.StepDefinitions.prepareCreateBookingObject(java.lang.String)&amp#27;[0m
  &amp#27;[32mAnd &amp#27;[0m&amp#27;[32mSet total price to &amp#27;[0m&amp#27;[32m&amp#27;[1mASD&amp#27;[0m                                        &amp#27;[90m# stepdefinitions.StepDefinitions.setPrice(java.lang.String)&amp#27;[0m
  &amp#27;[32mWhen &amp#27;[0m&amp#27;[32mI send create booking http request&amp#27;[0m                           &amp#27;[90m# stepdefinitions.StepDefinitions.sendCreateBookingRequest()&amp#27;[0m
  &amp#27;[31mThen &amp#27;[0m&amp#27;[31mResponse status should be &amp#27;[0m&amp#27;[31m&amp#27;[1m400&amp#27;[0m                                &amp#27;[90m# stepdefinitions.StepDefinitions.checkResponseStatus(int)&amp#27;[0m
      &amp#27;[31morg.junit.ComparisonFailure: expected:<[4]00> but was:<[2]00>
	at java.base/jdk.internal.reflect.NativeConstructorAccessorImpl.newInstance0(Native Method)
	at java.base/jdk.internal.reflect.NativeConstructorAccessorImpl.newInstance(NativeConstructorAccessorImpl.java:64)
	at java.base/jdk.internal.reflect.DelegatingConstructorAccessorImpl.newInstance(DelegatingConstructorAccessorImpl.java:45)
	at java.base/java.lang.reflect.Constructor.newInstanceWithCaller(Constructor.java:500)
	at stepdefinitions.StepDefinitions.checkResponseStatus(StepDefinitions.java:52)
	at âœ½.Response status should be 400(file:///D:/Projects/billiemission2120/BillieMission2120TestFramework/src/test/resources/features/createBooking.feature:14)
&amp#27;[0m
]]></system-out>
  </testcase>
  <testcase name="runScenario[&quot;Delete booking by id&quot;, &quot;Optional[Delete booking]&quot;](4)" classname="runner.TestRunner" time="0.939">
    <system-out><![CDATA[
Scenario: Delete booking by id                      &amp#27;[90m# src/test/resources/features/deleteBooking.feature:3&amp#27;[0m
  &amp#27;[32mGiven &amp#27;[0m&amp#27;[32mI set create booking request object &amp#27;[0m&amp#27;[32m&amp#27;[1mcorrect&amp#27;[0m &amp#27;[90m# stepdefinitions.StepDefinitions.prepareCreateBookingObject(java.lang.String)&amp#27;[0m
  &amp#27;[32mAnd &amp#27;[0m&amp#27;[32mI send create booking http request&amp#27;[0m            &amp#27;[90m# stepdefinitions.StepDefinitions.sendCreateBookingRequest()&amp#27;[0m
  &amp#27;[32mGiven &amp#27;[0m&amp#27;[32mI have authorisation data&amp#27;[0m                   &amp#27;[90m# stepdefinitions.StepDefinitions.prepareAuthorisationData()&amp#27;[0m
  &amp#27;[32mWhen &amp#27;[0m&amp#27;[32mI send delete booking http request&amp#27;[0m           &amp#27;[90m# stepdefinitions.StepDefinitions.sendDeleteBookingRequest()&amp#27;[0m
  &amp#27;[32mThen &amp#27;[0m&amp#27;[32mResponse status should be &amp#27;[0m&amp#27;[32m&amp#27;[1m201&amp#27;[0m                &amp#27;[90m# stepdefinitions.StepDefinitions.checkResponseStatus(int)&amp#27;[0m
  &amp#27;[32mWhen &amp#27;[0m&amp#27;[32mI send get booking http request&amp#27;[0m              &amp#27;[90m# stepdefinitions.StepDefinitions.sendGetBookingRequest()&amp#27;[0m
  &amp#27;[32mThen &amp#27;[0m&amp#27;[32mShould throw exception&amp#27;[0m                       &amp#27;[90m# stepdefinitions.StepDefinitions.hasException()&amp#27;[0m
]]></system-out>
  </testcase>
  <testcase name="runScenario[&quot;Get booking by id&quot;, &quot;Optional[Get booking]&quot;](5)" classname="runner.TestRunner" time="0.904">
    <system-out><![CDATA[
Scenario: Get booking by id                                              &amp#27;[90m# src/test/resources/features/getBooking.feature:3&amp#27;[0m
  &amp#27;[32mGiven &amp#27;[0m&amp#27;[32mI set create booking request object &amp#27;[0m&amp#27;[32m&amp#27;[1mcorrect&amp#27;[0m                      &amp#27;[90m# stepdefinitions.StepDefinitions.prepareCreateBookingObject(java.lang.String)&amp#27;[0m
  &amp#27;[32mAnd &amp#27;[0m&amp#27;[32mI send create booking http request&amp#27;[0m                                 &amp#27;[90m# stepdefinitions.StepDefinitions.sendCreateBookingRequest()&amp#27;[0m
  &amp#27;[32mWhen &amp#27;[0m&amp#27;[32mI send get booking http request&amp#27;[0m                                   &amp#27;[90m# stepdefinitions.StepDefinitions.sendGetBookingRequest()&amp#27;[0m
  &amp#27;[32mThen &amp#27;[0m&amp#27;[32mResponse status should be &amp#27;[0m&amp#27;[32m&amp#27;[1m200&amp#27;[0m                                     &amp#27;[90m# stepdefinitions.StepDefinitions.checkResponseStatus(int)&amp#27;[0m
  &amp#27;[32mAnd &amp#27;[0m&amp#27;[32mResponse body object booking matches update booking request object&amp#27;[0m &amp#27;[90m# stepdefinitions.StepDefinitions.checkBookingResponseBookingObject()&amp#27;[0m
]]></system-out>
  </testcase>
  <testcase name="runScenario[&quot;Update booking&quot;, &quot;Optional[Update booking]&quot;](6)" classname="runner.TestRunner" time="0.882">
    <system-out><![CDATA[
Scenario: Update booking                                                 &amp#27;[90m# src/test/resources/features/updateBooking.feature:3&amp#27;[0m
  &amp#27;[32mGiven &amp#27;[0m&amp#27;[32mI set create booking request object &amp#27;[0m&amp#27;[32m&amp#27;[1mcorrect&amp#27;[0m                      &amp#27;[90m# stepdefinitions.StepDefinitions.prepareCreateBookingObject(java.lang.String)&amp#27;[0m
  &amp#27;[32mAnd &amp#27;[0m&amp#27;[32mI send create booking http request&amp#27;[0m                                 &amp#27;[90m# stepdefinitions.StepDefinitions.sendCreateBookingRequest()&amp#27;[0m
  &amp#27;[32mAnd &amp#27;[0m&amp#27;[32mI have authorisation data&amp#27;[0m                                          &amp#27;[90m# stepdefinitions.StepDefinitions.prepareAuthorisationData()&amp#27;[0m
  &amp#27;[32mWhen &amp#27;[0m&amp#27;[32mI send update booking http request&amp#27;[0m                                &amp#27;[90m# stepdefinitions.StepDefinitions.sendUpdateBookingRequest()&amp#27;[0m
  &amp#27;[32mThen &amp#27;[0m&amp#27;[32mResponse status should be &amp#27;[0m&amp#27;[32m&amp#27;[1m200&amp#27;[0m                                     &amp#27;[90m# stepdefinitions.StepDefinitions.checkResponseStatus(int)&amp#27;[0m
  &amp#27;[32mAnd &amp#27;[0m&amp#27;[32mResponse body object booking matches update booking request object&amp#27;[0m &amp#27;[90m# stepdefinitions.StepDefinitions.checkBookingResponseBookingObject()&amp#27;[0m
]]></system-out>
  </testcase>
  <testcase name="runScenario[&quot;Update booking fails due to wrong date&quot;, &quot;Optional[Update booking]&quot;](7)" classname="runner.TestRunner" time="0.911">
    <system-out><![CDATA[
Scenario Outline: Update booking fails due to wrong date &amp#27;[90m# src/test/resources/features/updateBooking.feature:21&amp#27;[0m
  &amp#27;[32mGiven &amp#27;[0m&amp#27;[32mI set create booking request object &amp#27;[0m&amp#27;[32m&amp#27;[1mtext&amp#27;[0m         &amp#27;[90m# stepdefinitions.StepDefinitions.prepareCreateBookingObject(java.lang.String)&amp#27;[0m
  &amp#27;[32mAnd &amp#27;[0m&amp#27;[32mI send create booking http request&amp#27;[0m                 &amp#27;[90m# stepdefinitions.StepDefinitions.sendCreateBookingRequest()&amp#27;[0m
  &amp#27;[32mAnd &amp#27;[0m&amp#27;[32mI have authorisation data&amp#27;[0m                          &amp#27;[90m# stepdefinitions.StepDefinitions.prepareAuthorisationData()&amp#27;[0m
  &amp#27;[32mAnd &amp#27;[0m&amp#27;[32mI have previously created booking&amp#27;[0m                  &amp#27;[90m# stepdefinitions.StepDefinitions.prepareUpdateBookingObject()&amp#27;[0m
  &amp#27;[32mAnd &amp#27;[0m&amp#27;[32mI change dates to &amp#27;[0m&amp#27;[32m&amp#27;[1mASD&amp#27;[0m&amp#27;[32m and &amp#27;[0m&amp#27;[32m&amp#27;[1mBSD&amp#27;[0m                      &amp#27;[90m# stepdefinitions.StepDefinitions.prepareBookingDates(java.lang.String,java.lang.String)&amp#27;[0m
  &amp#27;[32mWhen &amp#27;[0m&amp#27;[32mI send update booking http request&amp#27;[0m                &amp#27;[90m# stepdefinitions.StepDefinitions.sendUpdateBookingRequest()&amp#27;[0m
  &amp#27;[32mThen &amp#27;[0m&amp#27;[32mShould throw exception&amp#27;[0m                            &amp#27;[90m# stepdefinitions.StepDefinitions.hasException()&amp#27;[0m
]]></system-out>
  </testcase>
  <testcase name="runScenario[&quot;Update booking fails due to wrong date&quot;, &quot;Optional[Update booking]&quot;](8)" classname="runner.TestRunner" time="0.951">
    <failure message="&#10;Expecting value to be true but was false expected:&lt;[tru]e&gt; but was:&lt;[fals]e&gt;" type="org.junit.ComparisonFailure"><![CDATA[org.junit.ComparisonFailure: 

Expecting value to be true but was false expected:<[tru]e> but was:<[fals]e>
]]></failure>
    <system-out><![CDATA[
Scenario Outline: Update booking fails due to wrong date &amp#27;[90m# src/test/resources/features/updateBooking.feature:22&amp#27;[0m
  &amp#27;[32mGiven &amp#27;[0m&amp#27;[32mI set create booking request object &amp#27;[0m&amp#27;[32m&amp#27;[1mcheckin&amp#27;[0m      &amp#27;[90m# stepdefinitions.StepDefinitions.prepareCreateBookingObject(java.lang.String)&amp#27;[0m
  &amp#27;[32mAnd &amp#27;[0m&amp#27;[32mI send create booking http request&amp#27;[0m                 &amp#27;[90m# stepdefinitions.StepDefinitions.sendCreateBookingRequest()&amp#27;[0m
  &amp#27;[32mAnd &amp#27;[0m&amp#27;[32mI have authorisation data&amp#27;[0m                          &amp#27;[90m# stepdefinitions.StepDefinitions.prepareAuthorisationData()&amp#27;[0m
  &amp#27;[32mAnd &amp#27;[0m&amp#27;[32mI have previously created booking&amp#27;[0m                  &amp#27;[90m# stepdefinitions.StepDefinitions.prepareUpdateBookingObject()&amp#27;[0m
  &amp#27;[32mAnd &amp#27;[0m&amp#27;[32mI change dates to &amp#27;[0m&amp#27;[32m&amp#27;[1m2120-01-10&amp#27;[0m&amp#27;[32m and &amp#27;[0m&amp#27;[32m&amp#27;[1m2120-01-01&amp#27;[0m        &amp#27;[90m# stepdefinitions.StepDefinitions.prepareBookingDates(java.lang.String,java.lang.String)&amp#27;[0m
  &amp#27;[32mWhen &amp#27;[0m&amp#27;[32mI send update booking http request&amp#27;[0m                &amp#27;[90m# stepdefinitions.StepDefinitions.sendUpdateBookingRequest()&amp#27;[0m
  &amp#27;[31mThen &amp#27;[0m&amp#27;[31mShould throw exception&amp#27;[0m                            &amp#27;[90m# stepdefinitions.StepDefinitions.hasException()&amp#27;[0m
      &amp#27;[31morg.junit.ComparisonFailure: 
Expecting value to be true but was false expected:<[tru]e> but was:<[fals]e>
	at java.base/jdk.internal.reflect.NativeConstructorAccessorImpl.newInstance0(Native Method)
	at java.base/jdk.internal.reflect.NativeConstructorAccessorImpl.newInstance(NativeConstructorAccessorImpl.java:64)
	at java.base/jdk.internal.reflect.DelegatingConstructorAccessorImpl.newInstance(DelegatingConstructorAccessorImpl.java:45)
	at java.base/java.lang.reflect.Constructor.newInstanceWithCaller(Constructor.java:500)
	at stepdefinitions.StepDefinitions.hasException(StepDefinitions.java:118)
	at âœ½.Should throw exception(file:///D:/Projects/billiemission2120/BillieMission2120TestFramework/src/test/resources/features/updateBooking.feature:18)
&amp#27;[0m
]]></system-out>
  </testcase>
  <testcase name="runScenario[&quot;Update booking fails due to wrong date&quot;, &quot;Optional[Update booking]&quot;](9)" classname="runner.TestRunner" time="0.865">
    <failure message="&#10;Expecting value to be true but was false expected:&lt;[tru]e&gt; but was:&lt;[fals]e&gt;" type="org.junit.ComparisonFailure"><![CDATA[org.junit.ComparisonFailure: 

Expecting value to be true but was false expected:<[tru]e> but was:<[fals]e>
]]></failure>
    <system-out><![CDATA[
Scenario Outline: Update booking fails due to wrong date &amp#27;[90m# src/test/resources/features/updateBooking.feature:23&amp#27;[0m
  &amp#27;[32mGiven &amp#27;[0m&amp#27;[32mI set create booking request object &amp#27;[0m&amp#27;[32m&amp#27;[1mwrongformat&amp#27;[0m  &amp#27;[90m# stepdefinitions.StepDefinitions.prepareCreateBookingObject(java.lang.String)&amp#27;[0m
  &amp#27;[32mAnd &amp#27;[0m&amp#27;[32mI send create booking http request&amp#27;[0m                 &amp#27;[90m# stepdefinitions.StepDefinitions.sendCreateBookingRequest()&amp#27;[0m
  &amp#27;[32mAnd &amp#27;[0m&amp#27;[32mI have authorisation data&amp#27;[0m                          &amp#27;[90m# stepdefinitions.StepDefinitions.prepareAuthorisationData()&amp#27;[0m
  &amp#27;[32mAnd &amp#27;[0m&amp#27;[32mI have previously created booking&amp#27;[0m                  &amp#27;[90m# stepdefinitions.StepDefinitions.prepareUpdateBookingObject()&amp#27;[0m
  &amp#27;[32mAnd &amp#27;[0m&amp#27;[32mI change dates to &amp#27;[0m&amp#27;[32m&amp#27;[1m2120-01&amp#27;[0m&amp#27;[32m and &amp#27;[0m&amp#27;[32m&amp#27;[1m2120-01&amp#27;[0m              &amp#27;[90m# stepdefinitions.StepDefinitions.prepareBookingDates(java.lang.String,java.lang.String)&amp#27;[0m
  &amp#27;[32mWhen &amp#27;[0m&amp#27;[32mI send update booking http request&amp#27;[0m                &amp#27;[90m# stepdefinitions.StepDefinitions.sendUpdateBookingRequest()&amp#27;[0m
  &amp#27;[31mThen &amp#27;[0m&amp#27;[31mShould throw exception&amp#27;[0m                            &amp#27;[90m# stepdefinitions.StepDefinitions.hasException()&amp#27;[0m
      &amp#27;[31morg.junit.ComparisonFailure: 
Expecting value to be true but was false expected:<[tru]e> but was:<[fals]e>
	at java.base/jdk.internal.reflect.NativeConstructorAccessorImpl.newInstance0(Native Method)
	at java.base/jdk.internal.reflect.NativeConstructorAccessorImpl.newInstance(NativeConstructorAccessorImpl.java:64)
	at java.base/jdk.internal.reflect.DelegatingConstructorAccessorImpl.newInstance(DelegatingConstructorAccessorImpl.java:45)
	at java.base/java.lang.reflect.Constructor.newInstanceWithCaller(Constructor.java:500)
	at stepdefinitions.StepDefinitions.hasException(StepDefinitions.java:118)
	at âœ½.Should throw exception(file:///D:/Projects/billiemission2120/BillieMission2120TestFramework/src/test/resources/features/updateBooking.feature:18)
&amp#27;[0m
]]></system-out>
  </testcase>
  <testcase name="runScenario[&quot;Update booking fails due to wrong date&quot;, &quot;Optional[Update booking]&quot;](10)" classname="runner.TestRunner" time="0.847">
    <system-out><![CDATA[
Scenario Outline: Update booking fails due to wrong date &amp#27;[90m# src/test/resources/features/updateBooking.feature:24&amp#27;[0m
  &amp#27;[32mGiven &amp#27;[0m&amp#27;[32mI set create booking request object &amp#27;[0m&amp#27;[32m&amp#27;[1mnull&amp#27;[0m         &amp#27;[90m# stepdefinitions.StepDefinitions.prepareCreateBookingObject(java.lang.String)&amp#27;[0m
  &amp#27;[32mAnd &amp#27;[0m&amp#27;[32mI send create booking http request&amp#27;[0m                 &amp#27;[90m# stepdefinitions.StepDefinitions.sendCreateBookingRequest()&amp#27;[0m
  &amp#27;[32mAnd &amp#27;[0m&amp#27;[32mI have authorisation data&amp#27;[0m                          &amp#27;[90m# stepdefinitions.StepDefinitions.prepareAuthorisationData()&amp#27;[0m
  &amp#27;[32mAnd &amp#27;[0m&amp#27;[32mI have previously created booking&amp#27;[0m                  &amp#27;[90m# stepdefinitions.StepDefinitions.prepareUpdateBookingObject()&amp#27;[0m
  &amp#27;[32mAnd &amp#27;[0m&amp#27;[32mI change dates to &amp#27;[0m&amp#27;[32m&amp#27;[1m""&amp#27;[0m&amp#27;[32m and &amp#27;[0m&amp#27;[32m&amp#27;[1m""&amp#27;[0m                        &amp#27;[90m# stepdefinitions.StepDefinitions.prepareBookingDates(java.lang.String,java.lang.String)&amp#27;[0m
  &amp#27;[32mWhen &amp#27;[0m&amp#27;[32mI send update booking http request&amp#27;[0m                &amp#27;[90m# stepdefinitions.StepDefinitions.sendUpdateBookingRequest()&amp#27;[0m
  &amp#27;[32mThen &amp#27;[0m&amp#27;[32mShould throw exception&amp#27;[0m                            &amp#27;[90m# stepdefinitions.StepDefinitions.hasException()&amp#27;[0m
]]></system-out>
  </testcase>
</testsuite>